<?xml version="1.0" encoding="UTF-8"?>
<testng-results skipped="0" failed="1" total="7" passed="6">
  <reporter-output>
  </reporter-output>
  <suite name="Suite for Module 9 and package testng" duration-ms="129" started-at="2016-04-21T15:01:04Z" finished-at="2016-04-21T15:01:04Z">
    <groups>
    </groups>
    <test name="First Class" duration-ms="14" started-at="2016-04-21T15:01:04Z" finished-at="2016-04-21T15:01:04Z">
      <class name="testng.AnotherTest">
        <test-method status="PASS" signature="beforeTest()[pri:0, instance:testng.AnotherTest@1cd072a9]" name="beforeTest" is-config="true" duration-ms="1" started-at="2016-04-21T08:01:04Z" finished-at="2016-04-21T08:01:04Z">
          <reporter-output>
          </reporter-output>
        </test-method> <!-- beforeTest -->
        <test-method status="PASS" signature="receiveemail()[pri:0, instance:testng.AnotherTest@1cd072a9]" name="receiveemail" duration-ms="1" started-at="2016-04-21T08:01:04Z" finished-at="2016-04-21T08:01:04Z">
          <reporter-output>
          </reporter-output>
        </test-method> <!-- receiveemail -->
        <test-method status="PASS" signature="beforeMethod()[pri:0, instance:testng.AnotherTest@1cd072a9]" name="beforeMethod" is-config="true" duration-ms="0" started-at="2016-04-21T08:01:04Z" finished-at="2016-04-21T08:01:04Z">
          <reporter-output>
          </reporter-output>
        </test-method> <!-- beforeMethod -->
        <test-method status="PASS" signature="beforeMethod()[pri:0, instance:testng.AnotherTest@1cd072a9]" name="beforeMethod" is-config="true" duration-ms="1" started-at="2016-04-21T08:01:04Z" finished-at="2016-04-21T08:01:04Z">
          <reporter-output>
          </reporter-output>
        </test-method> <!-- beforeMethod -->
        <test-method status="PASS" signature="afterMethod()[pri:0, instance:testng.AnotherTest@1cd072a9]" name="afterMethod" is-config="true" duration-ms="0" started-at="2016-04-21T08:01:04Z" finished-at="2016-04-21T08:01:04Z">
          <reporter-output>
          </reporter-output>
        </test-method> <!-- afterMethod -->
        <test-method status="PASS" signature="sendemail()[pri:0, instance:testng.AnotherTest@1cd072a9]" name="sendemail" duration-ms="0" started-at="2016-04-21T08:01:04Z" finished-at="2016-04-21T08:01:04Z">
          <reporter-output>
          </reporter-output>
        </test-method> <!-- sendemail -->
        <test-method status="PASS" signature="afterMethod()[pri:0, instance:testng.AnotherTest@1cd072a9]" name="afterMethod" is-config="true" duration-ms="0" started-at="2016-04-21T08:01:04Z" finished-at="2016-04-21T08:01:04Z">
          <reporter-output>
          </reporter-output>
        </test-method> <!-- afterMethod -->
        <test-method status="PASS" signature="AfterTest()[pri:0, instance:testng.AnotherTest@1cd072a9]" name="AfterTest" is-config="true" duration-ms="0" started-at="2016-04-21T08:01:04Z" finished-at="2016-04-21T08:01:04Z">
          <reporter-output>
          </reporter-output>
        </test-method> <!-- AfterTest -->
      </class> <!-- testng.AnotherTest -->
    </test> <!-- First Class -->
    <test name="Second Class" duration-ms="5" started-at="2016-04-21T15:01:04Z" finished-at="2016-04-21T15:01:04Z">
      <class name="testng.SecondTest">
        <test-method status="PASS" signature="beforeTest()[pri:0, instance:testng.SecondTest@2d6e8792]" name="beforeTest" is-config="true" duration-ms="0" started-at="2016-04-21T08:01:04Z" finished-at="2016-04-21T08:01:04Z">
          <reporter-output>
          </reporter-output>
        </test-method> <!-- beforeTest -->
        <test-method status="PASS" signature="Test()[pri:0, instance:testng.SecondTest@2d6e8792]" name="Test" duration-ms="0" started-at="2016-04-21T08:01:04Z" finished-at="2016-04-21T08:01:04Z">
          <reporter-output>
          </reporter-output>
        </test-method> <!-- Test -->
        <test-method status="FAIL" signature="checkResults()[pri:0, instance:testng.SecondTest@2d6e8792]" name="checkResults" duration-ms="3" started-at="2016-04-21T08:01:04Z" finished-at="2016-04-21T08:01:04Z">
          <exception class="java.lang.AssertionError">
            <message>
              <![CDATA[Results are again not good expected [false] but found [true]]]>
            </message>
            <full-stacktrace>
              <![CDATA[java.lang.AssertionError: Results are again not good expected [false] but found [true]
	at org.testng.Assert.fail(Assert.java:94)
	at org.testng.Assert.failNotEquals(Assert.java:496)
	at org.testng.Assert.assertFalse(Assert.java:63)
	at testng.SecondTest.checkResults(SecondTest.java:48)
	at sun.reflect.NativeMethodAccessorImpl.invoke0(Native Method)
	at sun.reflect.NativeMethodAccessorImpl.invoke(NativeMethodAccessorImpl.java:62)
	at sun.reflect.DelegatingMethodAccessorImpl.invoke(DelegatingMethodAccessorImpl.java:43)
	at java.lang.reflect.Method.invoke(Method.java:497)
	at org.testng.internal.MethodInvocationHelper.invokeMethod(MethodInvocationHelper.java:85)
	at org.testng.internal.Invoker.invokeMethod(Invoker.java:639)
	at org.testng.internal.Invoker.invokeTestMethod(Invoker.java:821)
	at org.testng.internal.Invoker.invokeTestMethods(Invoker.java:1131)
	at org.testng.internal.TestMethodWorker.invokeTestMethods(TestMethodWorker.java:124)
	at org.testng.internal.TestMethodWorker.run(TestMethodWorker.java:108)
	at org.testng.TestRunner.privateRun(TestRunner.java:773)
	at org.testng.TestRunner.run(TestRunner.java:623)
	at org.testng.SuiteRunner.runTest(SuiteRunner.java:357)
	at org.testng.SuiteRunner.runSequentially(SuiteRunner.java:352)
	at org.testng.SuiteRunner.privateRun(SuiteRunner.java:310)
	at org.testng.SuiteRunner.run(SuiteRunner.java:259)
	at org.testng.SuiteRunnerWorker.runSuite(SuiteRunnerWorker.java:52)
	at org.testng.SuiteRunnerWorker.run(SuiteRunnerWorker.java:86)
	at org.testng.TestNG.runSuitesSequentially(TestNG.java:1185)
	at org.testng.TestNG.runSuitesLocally(TestNG.java:1110)
	at org.testng.TestNG.run(TestNG.java:1018)
	at org.testng.TestNG.privateMain(TestNG.java:1325)
	at org.testng.TestNG.main(TestNG.java:1294)
]]>
            </full-stacktrace>
          </exception> <!-- java.lang.AssertionError -->
          <reporter-output>
          </reporter-output>
        </test-method> <!-- checkResults -->
      </class> <!-- testng.SecondTest -->
    </test> <!-- Second Class -->
    <test name="Third Class" duration-ms="3" started-at="2016-04-21T15:01:04Z" finished-at="2016-04-21T15:01:04Z">
      <class name="testng.YahooRegistrationTest">
        <test-method status="PASS" signature="TestData(java.lang.String, java.lang.String, java.lang.String, java.lang.String)[pri:0, instance:testng.YahooRegistrationTest@60f82f98]" name="TestData" duration-ms="1" started-at="2016-04-21T08:01:04Z" data-provider="registerData" finished-at="2016-04-21T08:01:04Z">
          <params>
            <param index="0">
              <value>
                <![CDATA[user1]]>
              </value>
            </param>
            <param index="1">
              <value>
                <![CDATA[email1]]>
              </value>
            </param>
            <param index="2">
              <value>
                <![CDATA[password1]]>
              </value>
            </param>
            <param index="3">
              <value>
                <![CDATA[city1]]>
              </value>
            </param>
          </params>
          <reporter-output>
          </reporter-output>
        </test-method> <!-- TestData -->
        <test-method status="PASS" signature="TestData(java.lang.String, java.lang.String, java.lang.String, java.lang.String)[pri:0, instance:testng.YahooRegistrationTest@60f82f98]" name="TestData" duration-ms="0" started-at="2016-04-21T08:01:04Z" data-provider="registerData" finished-at="2016-04-21T08:01:04Z">
          <params>
            <param index="0">
              <value>
                <![CDATA[user3]]>
              </value>
            </param>
            <param index="1">
              <value>
                <![CDATA[email3]]>
              </value>
            </param>
            <param index="2">
              <value>
                <![CDATA[password3]]>
              </value>
            </param>
            <param index="3">
              <value>
                <![CDATA[city3]]>
              </value>
            </param>
          </params>
          <reporter-output>
          </reporter-output>
        </test-method> <!-- TestData -->
        <test-method status="PASS" signature="TestData(java.lang.String, java.lang.String, java.lang.String, java.lang.String)[pri:0, instance:testng.YahooRegistrationTest@60f82f98]" name="TestData" duration-ms="0" started-at="2016-04-21T08:01:04Z" data-provider="registerData" finished-at="2016-04-21T08:01:04Z">
          <params>
            <param index="0">
              <value>
                <![CDATA[user2]]>
              </value>
            </param>
            <param index="1">
              <value>
                <![CDATA[email2]]>
              </value>
            </param>
            <param index="2">
              <value>
                <![CDATA[password2]]>
              </value>
            </param>
            <param index="3">
              <value>
                <![CDATA[city2]]>
              </value>
            </param>
          </params>
          <reporter-output>
          </reporter-output>
        </test-method> <!-- TestData -->
      </class> <!-- testng.YahooRegistrationTest -->
      <class name="testng.AnotherTest">
        <test-method status="PASS" signature="beforeSuite()[pri:0, instance:testng.AnotherTest@1cd072a9]" name="beforeSuite" is-config="true" duration-ms="11" started-at="2016-04-21T08:01:04Z" finished-at="2016-04-21T08:01:04Z">
          <reporter-output>
          </reporter-output>
        </test-method> <!-- beforeSuite -->
        <test-method status="PASS" signature="afterSuite()[pri:0, instance:testng.AnotherTest@1cd072a9]" name="afterSuite" is-config="true" duration-ms="0" started-at="2016-04-21T08:01:04Z" finished-at="2016-04-21T08:01:04Z">
          <reporter-output>
          </reporter-output>
        </test-method> <!-- afterSuite -->
      </class> <!-- testng.AnotherTest -->
    </test> <!-- Third Class -->
  </suite> <!-- Suite for Module 9 and package testng -->
</testng-results>
