<?xml version="1.0" encoding="UTF-8"?>
<!-- Generated by org.testng.reporters.JUnitXMLReporter -->
<testsuite hostname="harsimrandhanoa" name="Third Class" tests="3" failures="0" timestamp="21 Apr 2016 16:01:13 GMT" time="0.006" errors="0">
  <testcase name="TestData" time="0.0" classname="testng.YahooRegistrationTest"/>
  <testcase name="TestData" time="0.001" classname="testng.YahooRegistrationTest"/>
  <testcase name="TestData" time="0.0" classname="testng.YahooRegistrationTest"/>
</testsuite> <!-- Third Class -->
